# JRE version: Java(TM) SE Runtime Environment (8.0_271-b09) (build 1.8.0_271-b09)
# Java VM: Java HotSpot(TM) 64-Bit Server VM (25.271-b09 mixed mode windows-amd64 compressed oops)
Heap:
 PSYoungGen      total 182272K, used 72873K [0x00000000eab00000, 0x00000000f6c80000, 0x0000000100000000)
  eden space 168960K, 38% used [0x00000000eab00000,0x00000000eeb4a270,0x00000000f5000000)
  from space 13312K, 52% used [0x00000000f5c80000,0x00000000f6360478,0x00000000f6980000)
  to   space 12800K, 0% used [0x00000000f5000000,0x00000000f5000000,0x00000000f5c80000)
 ParOldGen       total 78848K, used 19452K [0x00000000c0000000, 0x00000000c4d00000, 0x00000000eab00000)
  object space 78848K, 24% used [0x00000000c0000000,0x00000000c12ff378,0x00000000c4d00000)
 Metaspace       used 45296K, capacity 47272K, committed 47488K, reserved 1089536K
  class space    used 6312K, capacity 6778K, committed 6784K, reserved 1048576K
GC Heap History (10 events):
Event: 5.353 GC heap before
{Heap before GC invocations=8 (full 1):
 PSYoungGen      total 76800K, used 4055K [0x00000000eab00000, 0x00000000f4100000, 0x0000000100000000)
  eden space 65536K, 0% used [0x00000000eab00000,0x00000000eab00000,0x00000000eeb00000)
  from space 11264K, 36% used [0x00000000eeb00000,0x00000000eeef5ff0,0x00000000ef600000)
  to   space 11264K, 0% used [0x00000000f3600000,0x00000000f3600000,0x00000000f4100000)
 ParOldGen       total 87552K, used 10129K [0x00000000c0000000, 0x00000000c5580000, 0x00000000eab00000)
  object space 87552K, 11% used [0x00000000c0000000,0x00000000c09e4680,0x00000000c5580000)
 Metaspace       used 20501K, capacity 21162K, committed 21296K, reserved 1067008K
  class space    used 3000K, capacity 3169K, committed 3200K, reserved 1048576K
Event: 5.392 GC heap after
Heap after GC invocations=8 (full 1):
 PSYoungGen      total 76800K, used 0K [0x00000000eab00000, 0x00000000f4100000, 0x0000000100000000)
  eden space 65536K, 0% used [0x00000000eab00000,0x00000000eab00000,0x00000000eeb00000)
  from space 11264K, 0% used [0x00000000eeb00000,0x00000000eeb00000,0x00000000ef600000)
  to   space 11264K, 0% used [0x00000000f3600000,0x00000000f3600000,0x00000000f4100000)
 ParOldGen       total 51712K, used 7327K [0x00000000c0000000, 0x00000000c3280000, 0x00000000eab00000)
  object space 51712K, 14% used [0x00000000c0000000,0x00000000c0727fd0,0x00000000c3280000)
 Metaspace       used 20501K, capacity 21162K, committed 21296K, reserved 1067008K
  class space    used 3000K, capacity 3169K, committed 3200K, reserved 1048576K
}
Event: 6.652 GC heap before
{Heap before GC invocations=9 (full 1):
 PSYoungGen      total 76800K, used 65536K [0x00000000eab00000, 0x00000000f4100000, 0x0000000100000000)
  eden space 65536K, 100% used [0x00000000eab00000,0x00000000eeb00000,0x00000000eeb00000)
  from space 11264K, 0% used [0x00000000eeb00000,0x00000000eeb00000,0x00000000ef600000)
  to   space 11264K, 0% used [0x00000000f3600000,0x00000000f3600000,0x00000000f4100000)
 ParOldGen       total 51712K, used 7327K [0x00000000c0000000, 0x00000000c3280000, 0x00000000eab00000)
  object space 51712K, 14% used [0x00000000c0000000,0x00000000c0727fd0,0x00000000c3280000)
 Metaspace       used 28285K, capacity 29108K, committed 29440K, reserved 1075200K
  class space    used 4070K, capacity 4274K, committed 4352K, reserved 1048576K
Event: 6.666 GC heap after
Heap after GC invocations=9 (full 1):
 PSYoungGen      total 124928K, used 8118K [0x00000000eab00000, 0x00000000f3e00000, 0x0000000100000000)
  eden space 116736K, 0% used [0x00000000eab00000,0x00000000eab00000,0x00000000f1d00000)
  from space 8192K, 99% used [0x00000000f3600000,0x00000000f3deda60,0x00000000f3e00000)
  to   space 11264K, 0% used [0x00000000f2800000,0x00000000f2800000,0x00000000f3300000)
 ParOldGen       total 51712K, used 7335K [0x00000000c0000000, 0x00000000c3280000, 0x00000000eab00000)
  object space 51712K, 14% used [0x00000000c0000000,0x00000000c0729fd0,0x00000000c3280000)
 Metaspace       used 28285K, capacity 29108K, committed 29440K, reserved 1075200K
  class space    used 4070K, capacity 4274K, committed 4352K, reserved 1048576K
}
Event: 10.859 GC heap before
{Heap before GC invocations=10 (full 1):
 PSYoungGen      total 124928K, used 110634K [0x00000000eab00000, 0x00000000f3e00000, 0x0000000100000000)
  eden space 116736K, 87% used [0x00000000eab00000,0x00000000f0f1d118,0x00000000f1d00000)
  from space 8192K, 99% used [0x00000000f3600000,0x00000000f3deda60,0x00000000f3e00000)
  to   space 11264K, 0% used [0x00000000f2800000,0x00000000f2800000,0x00000000f3300000)
 ParOldGen       total 51712K, used 7335K [0x00000000c0000000, 0x00000000c3280000, 0x00000000eab00000)
  object space 51712K, 14% used [0x00000000c0000000,0x00000000c0729fd0,0x00000000c3280000)
 Metaspace       used 34336K, capacity 35458K, committed 35496K, reserved 1079296K
  class space    used 4808K, capacity 5105K, committed 5120K, reserved 1048576K
Event: 10.875 GC heap after
Heap after GC invocations=10 (full 1):
 PSYoungGen      total 139264K, used 11256K [0x00000000eab00000, 0x00000000f6980000, 0x0000000100000000)
  eden space 128000K, 0% used [0x00000000eab00000,0x00000000eab00000,0x00000000f2800000)
  from space 11264K, 99% used [0x00000000f2800000,0x00000000f32fe380,0x00000000f3300000)
  to   space 13312K, 0% used [0x00000000f5c80000,0x00000000f5c80000,0x00000000f6980000)
 ParOldGen       total 51712K, used 9017K [0x00000000c0000000, 0x00000000c3280000, 0x00000000eab00000)
  object space 51712K, 17% used [0x00000000c0000000,0x00000000c08ce638,0x00000000c3280000)
 Metaspace       used 34336K, capacity 35458K, committed 35496K, reserved 1079296K
  class space    used 4808K, capacity 5105K, committed 5120K, reserved 1048576K
}
Event: 10.875 GC heap before
{Heap before GC invocations=11 (full 2):
 PSYoungGen      total 139264K, used 11256K [0x00000000eab00000, 0x00000000f6980000, 0x0000000100000000)
  eden space 128000K, 0% used [0x00000000eab00000,0x00000000eab00000,0x00000000f2800000)
  from space 11264K, 99% used [0x00000000f2800000,0x00000000f32fe380,0x00000000f3300000)
  to   space 13312K, 0% used [0x00000000f5c80000,0x00000000f5c80000,0x00000000f6980000)
 ParOldGen       total 51712K, used 9017K [0x00000000c0000000, 0x00000000c3280000, 0x00000000eab00000)
  object space 51712K, 17% used [0x00000000c0000000,0x00000000c08ce638,0x00000000c3280000)
 Metaspace       used 34336K, capacity 35458K, committed 35496K, reserved 1079296K
  class space    used 4808K, capacity 5105K, committed 5120K, reserved 1048576K
Event: 10.967 GC heap after
Heap after GC invocations=11 (full 2):
 PSYoungGen      total 139264K, used 0K [0x00000000eab00000, 0x00000000f6980000, 0x0000000100000000)
  eden space 128000K, 0% used [0x00000000eab00000,0x00000000eab00000,0x00000000f2800000)
  from space 11264K, 0% used [0x00000000f2800000,0x00000000f2800000,0x00000000f3300000)
  to   space 13312K, 0% used [0x00000000f5c80000,0x00000000f5c80000,0x00000000f6980000)
 ParOldGen       total 78848K, used 19444K [0x00000000c0000000, 0x00000000c4d00000, 0x00000000eab00000)
  object space 78848K, 24% used [0x00000000c0000000,0x00000000c12fd378,0x00000000c4d00000)
 Metaspace       used 34336K, capacity 35458K, committed 35496K, reserved 1079296K
  class space    used 4808K, capacity 5105K, committed 5120K, reserved 1048576K
}
Event: 12.674 GC heap before
{Heap before GC invocations=12 (full 2):
 PSYoungGen      total 139264K, used 128000K [0x00000000eab00000, 0x00000000f6980000, 0x0000000100000000)
  eden space 128000K, 100% used [0x00000000eab00000,0x00000000f2800000,0x00000000f2800000)
  from space 11264K, 0% used [0x00000000f2800000,0x00000000f2800000,0x00000000f3300000)
  to   space 13312K, 0% used [0x00000000f5c80000,0x00000000f5c80000,0x00000000f6980000)
 ParOldGen       total 78848K, used 19444K [0x00000000c0000000, 0x00000000c4d00000, 0x00000000eab00000)
  object space 78848K, 24% used [0x00000000c0000000,0x00000000c12fd378,0x00000000c4d00000)
 Metaspace       used 37961K, capacity 39710K, committed 39808K, reserved 1083392K
  class space    used 5334K, capacity 5733K, committed 5760K, reserved 1048576K
Event: 12.684 GC heap after
Heap after GC invocations=12 (full 2):
 PSYoungGen      total 182272K, used 7041K [0x00000000eab00000, 0x00000000f6c80000, 0x0000000100000000)
  eden space 168960K, 0% used [0x00000000eab00000,0x00000000eab00000,0x00000000f5000000)
  from space 13312K, 52% used [0x00000000f5c80000,0x00000000f6360478,0x00000000f6980000)
  to   space 12800K, 0% used [0x00000000f5000000,0x00000000f5000000,0x00000000f5c80000)
 ParOldGen       total 78848K, used 19452K [0x00000000c0000000, 0x00000000c4d00000, 0x00000000eab00000)
  object space 78848K, 24% used [0x00000000c0000000,0x00000000c12ff378,0x00000000c4d00000)
 Metaspace       used 37961K, capacity 39710K, committed 39808K, reserved 1083392K
  class space    used 5334K, capacity 5733K, committed 5760K, reserved 1048576K
}

